<?xml version="1.0" encoding="UTF-8"?>
<!-- Generated by org.testng.reporters.JUnitReportReporter -->
<testsuite hostname="JADURAIS-EWL0E" failures="0" tests="1" name="com.jay.jenkinAutomation.testJenkins.Testrunner.TestNgRunner" time="16.942" errors="0" timestamp="15 Oct 2018 13:07:52 GMT" skipped="0">
  <testcase classname="com.jay.jenkinAutomation.testJenkins.Testrunner.TestNgRunner" name="feature" time="16.942"/>
</testsuite> <!-- com.jay.jenkinAutomation.testJenkins.Testrunner.TestNgRunner -->
